2025-04-12 15:03:33,535 - INFO - Loaded pre-trained model successfully
2025-04-12 15:03:33,552 - INFO - 
=== Starting Episode 31 ===
2025-04-12 15:03:45,048 - INFO - Move time: 11.4998 seconds for move c8+7
2025-04-12 15:03:45,068 - INFO - Move: c8+7 | Reward: 0.0430
2025-04-12 15:03:45,068 - DEBUG - Starting training of main network
2025-04-12 15:03:45,256 - WARNING - 5 out of the last 501 calls to <function TensorFlowTrainer.make_predict_function.<locals>.one_step_on_data_distributed at 0x0000018310A5AD40> triggered tf.function retracing. Tracing is expensive and the excessive number of tracings could be due to (1) creating @tf.function repeatedly in a loop, (2) passing tensors with different shapes, (3) passing Python objects instead of tensors. For (1), please define your @tf.function outside of the loop. For (2), @tf.function has reduce_retracing=True option that can avoid unnecessary retracing. For (3), please refer to https://www.tensorflow.org/guide/function#controlling_retracing and https://www.tensorflow.org/api_docs/python/tf/function for  more details.
2025-04-12 15:03:46,106 - DEBUG - Finished training batch
2025-04-12 15:03:46,112 - DEBUG - Updated target network weights
2025-04-12 15:03:57,242 - INFO - Move time: 11.1324 seconds for move r1.2
2025-04-12 15:03:57,261 - INFO - Move: r1.2 | Reward: -0.0060
2025-04-12 15:03:57,261 - DEBUG - Starting training of main network
2025-04-12 15:03:57,563 - DEBUG - Finished training batch
2025-04-12 15:04:09,019 - INFO - Move time: 11.4477 seconds for move c2+7
2025-04-12 15:04:09,043 - INFO - Move: c2+7 | Reward: 0.0370
2025-04-12 15:04:09,043 - DEBUG - Starting training of main network
2025-04-12 15:04:09,342 - DEBUG - Finished training batch
2025-04-12 15:04:20,197 - INFO - Move time: 10.8671 seconds for move r9.8
2025-04-12 15:04:20,222 - INFO - Move: r9.8 | Reward: -0.0120
2025-04-12 15:04:20,222 - DEBUG - Starting training of main network
2025-04-12 15:04:20,522 - DEBUG - Finished training batch
2025-04-12 15:04:34,183 - INFO - Move time: 13.6566 seconds for move k5+1
2025-04-12 15:04:34,218 - INFO - Move: k5+1 | Reward: -0.0130
2025-04-12 15:04:34,218 - DEBUG - Starting training of main network
2025-04-12 15:04:34,534 - DEBUG - Finished training batch
2025-04-12 15:04:48,768 - INFO - Move time: 14.2240 seconds for move r8.9
2025-04-12 15:04:48,798 - INFO - Move: r8.9 | Reward: -0.0120
2025-04-12 15:04:48,798 - DEBUG - Starting training of main network
2025-04-12 15:04:49,146 - DEBUG - Finished training batch
2025-04-12 15:05:02,711 - INFO - Move time: 13.5539 seconds for move p5+1
2025-04-12 15:05:02,740 - INFO - Move: p5+1 | Reward: -0.0120
2025-04-12 15:05:02,741 - DEBUG - Starting training of main network
2025-04-12 15:05:03,057 - DEBUG - Finished training batch
2025-04-12 15:05:15,769 - INFO - Move time: 12.7092 seconds for move p9+1
2025-04-12 15:05:15,791 - INFO - Move: p9+1 | Reward: -0.0120
2025-04-12 15:05:15,791 - DEBUG - Starting training of main network
2025-04-12 15:05:16,089 - DEBUG - Finished training batch
2025-04-12 15:05:27,367 - INFO - Move time: 11.2850 seconds for move p5+1
2025-04-12 15:05:27,396 - INFO - Move: p5+1 | Reward: 0.0280
2025-04-12 15:05:27,396 - DEBUG - Starting training of main network
2025-04-12 15:05:27,701 - DEBUG - Finished training batch
2025-04-12 15:05:38,797 - INFO - Move time: 11.0978 seconds for move p5+1
2025-04-12 15:05:38,822 - INFO - Move: p5+1 | Reward: -0.0520
2025-04-12 15:05:38,823 - DEBUG - Starting training of main network
2025-04-12 15:05:39,113 - DEBUG - Finished training batch
2025-04-12 15:05:51,413 - INFO - Move time: 12.3141 seconds for move p9+1
2025-04-12 15:05:51,444 - INFO - Move: p9+1 | Reward: 0.0080
2025-04-12 15:05:51,444 - DEBUG - Starting training of main network
2025-04-12 15:05:51,761 - DEBUG - Finished training batch
2025-04-12 15:05:51,767 - DEBUG - Updated target network weights
2025-04-12 15:06:04,450 - INFO - Move time: 12.6892 seconds for move r2+1
2025-04-12 15:06:04,475 - INFO - Move: r2+1 | Reward: -0.0220
2025-04-12 15:06:04,475 - DEBUG - Starting training of main network
2025-04-12 15:06:04,833 - DEBUG - Finished training batch
2025-04-12 15:06:17,031 - INFO - Move time: 12.1974 seconds for move r1+2
2025-04-12 15:06:17,070 - INFO - Move: r1+2 | Reward: -0.0210
2025-04-12 15:06:17,071 - DEBUG - Starting training of main network
2025-04-12 15:06:17,474 - DEBUG - Finished training batch
2025-04-12 15:06:31,581 - INFO - Move time: 14.1131 seconds for move r2.4
2025-04-12 15:06:31,607 - INFO - Move: r2.4 | Reward: -0.0210
2025-04-12 15:06:31,607 - DEBUG - Starting training of main network
2025-04-12 15:06:31,942 - DEBUG - Finished training batch
2025-04-12 15:06:45,864 - INFO - Move time: 13.9296 seconds for move r1.3
2025-04-12 15:06:45,886 - INFO - Move: r1.3 | Reward: -0.0210
2025-04-12 15:06:45,899 - DEBUG - Starting training of main network
2025-04-12 15:06:46,238 - DEBUG - Finished training batch
2025-04-12 15:07:00,243 - INFO - Move time: 13.9976 seconds for move r4+8
2025-04-12 15:07:00,265 - INFO - Move: r4+8 | Reward: -0.0410
2025-04-12 15:07:00,265 - DEBUG - Starting training of main network
2025-04-12 15:07:00,630 - DEBUG - Finished training batch
2025-04-12 15:07:14,633 - INFO - Move time: 14.0057 seconds for move h2+1
2025-04-12 15:07:14,662 - INFO - Move: h2+1 | Reward: -0.0510
2025-04-12 15:07:14,662 - DEBUG - Starting training of main network
2025-04-12 15:07:15,011 - DEBUG - Finished training batch
2025-04-12 15:07:28,775 - INFO - Move time: 13.7652 seconds for move r4.3
2025-04-12 15:07:28,806 - INFO - Move: r4.3 | Reward: -0.0610
2025-04-12 15:07:28,806 - DEBUG - Starting training of main network
2025-04-12 15:07:29,141 - DEBUG - Finished training batch
2025-04-12 15:07:42,804 - INFO - Move time: 13.6701 seconds for move p9+1
2025-04-12 15:07:42,851 - INFO - Move: p9+1 | Reward: -0.0310
2025-04-12 15:07:42,851 - DEBUG - Starting training of main network
2025-04-12 15:07:43,171 - DEBUG - Finished training batch
2025-04-12 15:07:57,016 - INFO - Move time: 13.8327 seconds for move r3.2
2025-04-12 15:07:57,042 - INFO - Move: r3.2 | Reward: -0.0910
2025-04-12 15:07:57,043 - DEBUG - Starting training of main network
2025-04-12 15:07:57,378 - DEBUG - Finished training batch
2025-04-12 15:08:11,533 - INFO - Move time: 14.1682 seconds for move r9.8
2025-04-12 15:08:11,561 - INFO - Move: r9.8 | Reward: 0.0300
2025-04-12 15:08:11,561 - DEBUG - Starting training of main network
2025-04-12 15:08:11,893 - DEBUG - Finished training batch
2025-04-12 15:08:11,908 - DEBUG - Updated target network weights
2025-04-12 15:08:25,713 - INFO - Move time: 13.8009 seconds for move p1+1
2025-04-12 15:08:25,762 - INFO - Move: p1+1 | Reward: -0.0200
2025-04-12 15:08:25,764 - DEBUG - Starting training of main network
2025-04-12 15:08:26,120 - DEBUG - Finished training batch
2025-04-12 15:08:39,765 - INFO - Move time: 13.6471 seconds for move r8+7
2025-04-12 15:08:39,784 - INFO - Move: r8+7 | Reward: 0.0250
2025-04-12 15:08:39,784 - DEBUG - Starting training of main network
2025-04-12 15:08:40,101 - DEBUG - Finished training batch
2025-04-12 15:08:53,737 - INFO - Move time: 13.6213 seconds for move p1+1
2025-04-12 15:08:53,758 - INFO - Move: p1+1 | Reward: -0.0050
2025-04-12 15:08:53,759 - DEBUG - Starting training of main network
2025-04-12 15:08:54,080 - DEBUG - Finished training batch
2025-04-12 15:09:07,576 - INFO - Move time: 13.4922 seconds for move r8.2
2025-04-12 15:09:07,576 - INFO - Move: r8.2 | Reward: 0.0600
2025-04-12 15:09:07,576 - DEBUG - Starting training of main network
2025-04-12 15:09:07,924 - DEBUG - Finished training batch
2025-04-12 15:09:22,055 - INFO - Move time: 14.1260 seconds for move r9.8
2025-04-12 15:09:22,068 - INFO - Move: r9.8 | Reward: 0.0390
2025-04-12 15:09:22,068 - DEBUG - Starting training of main network
2025-04-12 15:09:22,402 - DEBUG - Finished training batch
2025-04-12 15:09:35,957 - INFO - Move time: 13.5597 seconds for move r2+2
2025-04-12 15:09:35,973 - INFO - Move: r2+2 | Reward: 0.1490
2025-04-12 15:09:35,973 - DEBUG - Starting training of main network
2025-04-12 15:09:36,296 - DEBUG - Finished training batch
2025-04-12 15:09:49,885 - INFO - Move time: 13.5852 seconds for move a6+5
2025-04-12 15:09:49,905 - INFO - Move: a6+5 | Reward: 0.1590
2025-04-12 15:09:49,906 - DEBUG - Starting training of main network
2025-04-12 15:09:50,244 - DEBUG - Finished training batch
2025-04-12 15:10:03,856 - INFO - Move time: 13.6097 seconds for move r2.3
2025-04-12 15:10:03,874 - INFO - Move: r2.3 | Reward: 0.2390
2025-04-12 15:10:03,874 - DEBUG - Starting training of main network
2025-04-12 15:10:04,205 - DEBUG - Finished training batch
2025-04-12 15:10:20,512 - INFO - Move time: 16.3055 seconds for move a5-6
2025-04-12 15:10:20,531 - INFO - Move: a5-6 | Reward: 0.1790
2025-04-12 15:10:20,532 - DEBUG - Starting training of main network
2025-04-12 15:10:20,882 - DEBUG - Finished training batch
2025-04-12 15:10:34,690 - INFO - Move time: 13.8116 seconds for move r+.4
2025-04-12 15:10:34,722 - INFO - Move: r+.4 | Reward: 0.2590
2025-04-12 15:10:34,722 - DEBUG - Starting training of main network
2025-04-12 15:10:35,044 - DEBUG - Finished training batch
2025-04-12 15:10:35,060 - DEBUG - Updated target network weights
2025-04-12 15:10:51,663 - INFO - Move time: 16.6079 seconds for move k5.6
2025-04-12 15:10:51,685 - INFO - Move: k5.6 | Reward: 0.0990
2025-04-12 15:10:51,686 - DEBUG - Starting training of main network
2025-04-12 15:10:52,024 - DEBUG - Finished training batch
2025-04-12 15:11:06,249 - INFO - Move time: 14.2242 seconds for move k5-1
2025-04-12 15:11:06,256 - INFO - Move: k5-1 | Reward: 0.1000
2025-04-12 15:11:06,256 - DEBUG - Starting training of main network
2025-04-12 15:11:06,645 - DEBUG - Finished training batch
2025-04-12 15:11:19,669 - INFO - Move time: 13.0277 seconds for move k6+1
2025-04-12 15:11:19,687 - INFO - Move: k6+1 | Reward: 0.1010
2025-04-12 15:11:19,687 - DEBUG - Starting training of main network
2025-04-12 15:11:20,007 - DEBUG - Finished training batch
2025-04-12 15:11:32,647 - INFO - Move time: 12.6333 seconds for move k5+1
2025-04-12 15:11:32,654 - INFO - Move: k5+1 | Reward: 0.1300
2025-04-12 15:11:32,654 - DEBUG - Starting training of main network
2025-04-12 15:11:33,035 - DEBUG - Finished training batch
2025-04-12 15:11:45,550 - INFO - Move time: 12.5156 seconds for move p9+1
2025-04-12 15:11:45,550 - INFO - Move: p9+1 | Reward: 0.0600
2025-04-12 15:11:45,550 - DEBUG - Starting training of main network
2025-04-12 15:11:45,858 - DEBUG - Finished training batch
2025-04-12 15:11:57,745 - INFO - Move time: 11.8811 seconds for move p1+1
2025-04-12 15:11:57,745 - INFO - Move: p1+1 | Reward: 0.1400
2025-04-12 15:11:57,745 - DEBUG - Starting training of main network
2025-04-12 15:11:58,081 - DEBUG - Finished training batch
2025-04-12 15:12:10,032 - INFO - Move time: 11.9657 seconds for move a4+5
2025-04-12 15:12:10,048 - INFO - Move: a4+5 | Reward: 0.1100
2025-04-12 15:12:10,048 - DEBUG - Starting training of main network
2025-04-12 15:12:10,347 - DEBUG - Finished training batch
2025-04-12 15:12:22,148 - INFO - Move time: 11.7964 seconds for move p1+1
2025-04-12 15:12:22,148 - INFO - Move: p1+1 | Reward: 0.1500
2025-04-12 15:12:22,148 - DEBUG - Starting training of main network
2025-04-12 15:12:22,463 - DEBUG - Finished training batch
2025-04-12 15:12:34,403 - INFO - Move time: 11.9418 seconds for move a5-4
2025-04-12 15:12:34,408 - INFO - Move: a5-4 | Reward: 0.1200
2025-04-12 15:12:34,408 - DEBUG - Starting training of main network
2025-04-12 15:12:34,720 - DEBUG - Finished training batch
2025-04-12 15:12:46,594 - INFO - Move time: 11.8700 seconds for move k5.6
2025-04-12 15:12:46,601 - INFO - Move: k5.6 | Reward: 0.1500
2025-04-12 15:12:46,601 - DEBUG - Starting training of main network
2025-04-12 15:12:46,924 - DEBUG - Finished training batch
2025-04-12 15:12:46,930 - DEBUG - Updated target network weights
2025-04-12 15:12:58,853 - INFO - Move time: 11.9252 seconds for move a4+5
2025-04-12 15:12:58,858 - INFO - Move: a4+5 | Reward: 0.0900
2025-04-12 15:12:58,858 - DEBUG - Starting training of main network
2025-04-12 15:12:59,159 - DEBUG - Finished training batch
2025-04-12 15:13:11,418 - INFO - Move time: 12.2509 seconds for move p1.2
2025-04-12 15:13:11,426 - INFO - Move: p1.2 | Reward: 0.1200
2025-04-12 15:13:11,426 - DEBUG - Starting training of main network
2025-04-12 15:13:11,729 - DEBUG - Finished training batch
2025-04-12 15:13:23,908 - INFO - Move time: 12.1875 seconds for move a5-4
2025-04-12 15:13:23,924 - INFO - Move: a5-4 | Reward: 0.0900
2025-04-12 15:13:23,924 - DEBUG - Starting training of main network
2025-04-12 15:13:24,223 - DEBUG - Finished training batch
2025-04-12 15:13:36,120 - INFO - Move time: 11.8863 seconds for move p2.3
2025-04-12 15:13:36,120 - INFO - Move: p2.3 | Reward: 0.1200
2025-04-12 15:13:36,120 - DEBUG - Starting training of main network
2025-04-12 15:13:36,449 - DEBUG - Finished training batch
2025-04-12 15:13:48,426 - INFO - Move time: 11.9771 seconds for move p7+1
2025-04-12 15:13:48,442 - INFO - Move: p7+1 | Reward: 0.1000
2025-04-12 15:13:48,442 - DEBUG - Starting training of main network
2025-04-12 15:13:48,737 - DEBUG - Finished training batch
2025-04-12 15:14:00,199 - INFO - Move time: 11.4584 seconds for move p3+1
2025-04-12 15:14:00,199 - INFO - Move: p3+1 | Reward: 0.1000
2025-04-12 15:14:00,199 - DEBUG - Starting training of main network
2025-04-12 15:14:00,511 - DEBUG - Finished training batch
2025-04-12 15:14:12,559 - INFO - Move time: 12.0348 seconds for move p7+1
2025-04-12 15:14:12,564 - INFO - Move: p7+1 | Reward: 0.0500
2025-04-12 15:14:12,564 - DEBUG - Starting training of main network
2025-04-12 15:14:12,858 - DEBUG - Finished training batch
2025-04-12 15:14:24,322 - INFO - Move time: 11.4559 seconds for move r3+2
2025-04-12 15:14:24,322 - INFO - Move: r3+2 | Reward: 0.1000
2025-04-12 15:14:24,322 - DEBUG - Starting training of main network
2025-04-12 15:14:24,632 - DEBUG - Finished training batch
2025-04-12 15:14:36,563 - INFO - Move time: 11.9392 seconds for move p5+1
2025-04-12 15:14:36,579 - INFO - Move: p5+1 | Reward: 0.0600
2025-04-12 15:14:36,579 - DEBUG - Starting training of main network
2025-04-12 15:14:36,891 - DEBUG - Finished training batch
2025-04-12 15:14:48,666 - INFO - Move time: 11.7884 seconds for move r3.5
2025-04-12 15:14:48,682 - INFO - Move: r3.5 | Reward: 0.1100
2025-04-12 15:14:48,682 - DEBUG - Starting training of main network
2025-04-12 15:14:49,025 - DEBUG - Finished training batch
2025-04-12 15:14:49,025 - DEBUG - Updated target network weights
2025-04-12 15:15:00,971 - INFO - Move time: 11.9448 seconds for move a4+5
2025-04-12 15:15:00,988 - INFO - Move: a4+5 | Reward: 0.0800
2025-04-12 15:15:00,988 - DEBUG - Starting training of main network
2025-04-12 15:15:01,290 - DEBUG - Finished training batch
2025-04-12 15:15:12,729 - INFO - Move time: 11.4439 seconds for move r5+4
2025-04-12 15:15:12,749 - INFO - Move: r5+4 | Reward: 0.2000
2025-04-12 15:15:12,750 - DEBUG - Starting training of main network
2025-04-12 15:15:13,057 - DEBUG - Finished training batch
2025-04-12 15:15:26,697 - INFO - Move time: 13.6429 seconds for move k6.5
2025-04-12 15:15:26,697 - INFO - Move: k6.5 | Reward: 0.0400
2025-04-12 15:15:26,697 - DEBUG - Starting training of main network
2025-04-12 15:15:26,998 - DEBUG - Finished training batch
2025-04-12 15:15:38,482 - INFO - Move time: 11.4705 seconds for move h1+3
2025-04-12 15:15:38,482 - INFO - Move: h1+3 | Reward: 0.0400
2025-04-12 15:15:38,482 - DEBUG - Starting training of main network
2025-04-12 15:15:38,792 - DEBUG - Finished training batch
2025-04-12 15:15:50,960 - INFO - Move time: 12.1757 seconds for move k5.6
2025-04-12 15:15:50,980 - INFO - Move: k5.6 | Reward: 0.0100
2025-04-12 15:15:50,980 - DEBUG - Starting training of main network
2025-04-12 15:15:51,274 - DEBUG - Finished training batch
2025-04-12 15:16:02,937 - INFO - Move time: 11.6630 seconds for move h3+4
2025-04-12 15:16:02,952 - INFO - Move: h3+4 | Reward: 0.0400
2025-04-12 15:16:02,952 - DEBUG - Starting training of main network
2025-04-12 15:16:03,267 - DEBUG - Finished training batch
2025-04-12 15:16:15,275 - INFO - Move time: 12.0120 seconds for move k6+1
2025-04-12 15:16:15,286 - INFO - Move: k6+1 | Reward: 0.0100
2025-04-12 15:16:15,286 - DEBUG - Starting training of main network
2025-04-12 15:16:15,585 - DEBUG - Finished training batch
2025-04-12 15:16:27,065 - INFO - Move time: 11.4739 seconds for move e3+1
2025-04-12 15:16:27,078 - INFO - Move: e3+1 | Reward: 0.0390
2025-04-12 15:16:27,078 - DEBUG - Starting training of main network
2025-04-12 15:16:27,373 - DEBUG - Finished training batch
2025-04-12 15:16:39,507 - INFO - Move time: 12.1421 seconds for move k6-1
2025-04-12 15:16:39,523 - INFO - Move: k6-1 | Reward: 0.0390
2025-04-12 15:16:39,523 - DEBUG - Starting training of main network
2025-04-12 15:16:39,823 - DEBUG - Finished training batch
2025-04-12 15:16:51,575 - INFO - Move time: 11.7450 seconds for move h4-5
2025-04-12 15:16:51,579 - INFO - Move: h4-5 | Reward: 0.0390
2025-04-12 15:16:51,579 - DEBUG - Starting training of main network
2025-04-12 15:16:51,908 - DEBUG - Finished training batch
2025-04-12 15:16:51,908 - DEBUG - Updated target network weights
2025-04-12 15:17:04,104 - INFO - Move time: 12.1869 seconds for move k6+1
2025-04-12 15:17:04,104 - INFO - Move: k6+1 | Reward: 0.0090
2025-04-12 15:17:04,104 - DEBUG - Starting training of main network
2025-04-12 15:17:04,414 - DEBUG - Finished training batch
2025-04-12 15:17:16,156 - INFO - Move time: 11.7431 seconds for move h5+4
2025-04-12 15:17:16,166 - INFO - Move: h5+4 | Reward: 0.0390
2025-04-12 15:17:16,166 - DEBUG - Starting training of main network
2025-04-12 15:17:16,469 - DEBUG - Finished training batch
2025-04-12 15:17:28,400 - INFO - Move time: 11.9198 seconds for move k6-1
2025-04-12 15:17:28,406 - INFO - Move: k6-1 | Reward: 0.0090
2025-04-12 15:17:28,406 - DEBUG - Starting training of main network
2025-04-12 15:17:28,697 - DEBUG - Finished training batch
2025-04-12 15:17:40,206 - INFO - Move time: 11.5053 seconds for move h4-5
2025-04-12 15:17:40,220 - INFO - Move: h4-5 | Reward: 0.0690
2025-04-12 15:17:40,220 - DEBUG - Starting training of main network
2025-04-12 15:17:40,517 - DEBUG - Finished training batch
2025-04-12 15:17:52,464 - INFO - Move time: 11.9403 seconds for move k6+1
2025-04-12 15:17:52,477 - INFO - Move: k6+1 | Reward: 0.0090
2025-04-12 15:17:52,477 - DEBUG - Starting training of main network
2025-04-12 15:17:52,779 - DEBUG - Finished training batch
2025-04-12 15:18:04,563 - INFO - Move time: 11.7804 seconds for move h5+4
2025-04-12 15:18:04,569 - INFO - Move: h5+4 | Reward: 0.0690
2025-04-12 15:18:04,569 - INFO - Episode 31 ended with winner: Draw, Total reward: 3.5920
2025-04-12 15:18:04,569 - DEBUG - Updated epsilon: 0.8561
2025-04-12 15:18:04,576 - INFO - 
=== Starting Episode 32 ===
2025-04-12 15:18:16,855 - INFO - Move time: 12.2852 seconds for move c8+7
2025-04-12 15:18:16,889 - INFO - Move: c8+7 | Reward: 0.0430
2025-04-12 15:18:16,889 - DEBUG - Starting training of main network
2025-04-12 15:18:17,192 - DEBUG - Finished training batch
2025-04-12 15:18:28,909 - INFO - Move time: 11.7136 seconds for move r1.2
2025-04-12 15:18:28,932 - INFO - Move: r1.2 | Reward: -0.0060
2025-04-12 15:18:28,932 - DEBUG - Starting training of main network
2025-04-12 15:18:29,221 - DEBUG - Finished training batch
2025-04-12 15:18:41,376 - INFO - Move time: 12.1463 seconds for move c2+7
2025-04-12 15:18:41,402 - INFO - Move: c2+7 | Reward: 0.0370
2025-04-12 15:18:41,402 - DEBUG - Starting training of main network
2025-04-12 15:18:41,730 - DEBUG - Finished training batch
2025-04-12 15:18:53,467 - INFO - Move time: 11.7308 seconds for move r9.8
2025-04-12 15:18:53,478 - INFO - Move: r9.8 | Reward: -0.0120
2025-04-12 15:18:53,478 - DEBUG - Starting training of main network
2025-04-12 15:18:53,776 - DEBUG - Finished training batch
2025-04-12 15:18:53,776 - DEBUG - Updated target network weights
2025-04-12 15:19:06,046 - INFO - Move time: 12.2612 seconds for move e7+9
2025-04-12 15:19:06,061 - INFO - Move: e7+9 | Reward: -0.0130
2025-04-12 15:19:06,061 - DEBUG - Starting training of main network
2025-04-12 15:19:06,386 - DEBUG - Finished training batch
2025-04-12 15:19:18,050 - INFO - Move time: 11.6640 seconds for move c8+5
2025-04-12 15:19:18,068 - INFO - Move: c8+5 | Reward: -0.0130
2025-04-12 15:19:18,068 - DEBUG - Starting training of main network
2025-04-12 15:19:18,375 - DEBUG - Finished training batch
2025-04-12 15:19:30,324 - INFO - Move time: 11.9555 seconds for move e3+5
2025-04-12 15:19:30,347 - INFO - Move: e3+5 | Reward: -0.0210
2025-04-12 15:19:30,347 - DEBUG - Starting training of main network
2025-04-12 15:19:30,654 - DEBUG - Finished training batch
2025-04-12 15:19:42,393 - INFO - Move time: 11.7407 seconds for move c8.1
2025-04-12 15:19:42,414 - INFO - Move: c8.1 | Reward: -0.0300
2025-04-12 15:19:42,414 - DEBUG - Starting training of main network
2025-04-12 15:19:42,711 - DEBUG - Finished training batch
2025-04-12 15:19:55,084 - INFO - Move time: 12.3600 seconds for move r9+2
2025-04-12 15:19:55,102 - INFO - Move: r9+2 | Reward: 0.0160
2025-04-12 15:19:55,104 - DEBUG - Starting training of main network
2025-04-12 15:19:55,413 - DEBUG - Finished training batch
2025-04-12 15:20:07,333 - INFO - Move time: 11.9241 seconds for move r8+9
2025-04-12 15:20:07,354 - INFO - Move: r8+9 | Reward: -0.0240
2025-04-12 15:20:07,355 - DEBUG - Starting training of main network
2025-04-12 15:20:07,658 - DEBUG - Finished training batch
2025-04-12 15:20:19,972 - INFO - Move time: 12.3195 seconds for move r1.2
2025-04-12 15:20:19,993 - INFO - Move: r1.2 | Reward: 0.0970
2025-04-12 15:20:19,993 - DEBUG - Starting training of main network
2025-04-12 15:20:20,298 - DEBUG - Finished training batch
2025-04-12 15:20:32,002 - INFO - Move time: 11.7034 seconds for move r2+1
2025-04-12 15:20:32,023 - INFO - Move: r2+1 | Reward: 0.0670
2025-04-12 15:20:32,023 - DEBUG - Starting training of main network
2025-04-12 15:20:32,328 - DEBUG - Finished training batch
2025-04-12 15:20:44,470 - INFO - Move time: 12.1453 seconds for move r2+3
2025-04-12 15:20:44,488 - INFO - Move: r2+3 | Reward: 0.0670
2025-04-12 15:20:44,488 - DEBUG - Starting training of main network
2025-04-12 15:20:44,781 - DEBUG - Finished training batch
2025-04-12 15:20:56,428 - INFO - Move time: 11.6380 seconds for move e3+5
2025-04-12 15:20:56,446 - INFO - Move: e3+5 | Reward: 0.0350
2025-04-12 15:20:56,446 - DEBUG - Starting training of main network
2025-04-12 15:20:56,752 - DEBUG - Finished training batch
2025-04-12 15:20:56,752 - DEBUG - Updated target network weights
2025-04-12 15:21:08,749 - INFO - Move time: 11.9854 seconds for move p3+1
2025-04-12 15:21:08,763 - INFO - Move: p3+1 | Reward: 0.0650
2025-04-12 15:21:08,763 - DEBUG - Starting training of main network
2025-04-12 15:21:09,065 - DEBUG - Finished training batch
2025-04-12 15:21:21,166 - INFO - Move time: 12.1001 seconds for move a6+5
2025-04-12 15:21:21,187 - INFO - Move: a6+5 | Reward: 0.0650
2025-04-12 15:21:21,187 - DEBUG - Starting training of main network
2025-04-12 15:21:21,494 - DEBUG - Finished training batch
2025-04-12 15:21:33,474 - INFO - Move time: 11.9889 seconds for move p9+1
2025-04-12 15:21:33,503 - INFO - Move: p9+1 | Reward: 0.0650
2025-04-12 15:21:33,536 - DEBUG - Starting training of main network
2025-04-12 15:21:33,841 - DEBUG - Finished training batch
2025-04-12 15:21:45,414 - INFO - Move time: 11.5739 seconds for move k5.6
2025-04-12 15:21:45,437 - INFO - Move: k5.6 | Reward: 0.0650
2025-04-12 15:21:45,437 - DEBUG - Starting training of main network
2025-04-12 15:21:45,743 - DEBUG - Finished training batch
2025-04-12 15:21:58,175 - INFO - Move time: 12.4289 seconds for move p3+1
2025-04-12 15:21:58,194 - INFO - Move: p3+1 | Reward: 0.1050
2025-04-12 15:21:58,194 - DEBUG - Starting training of main network
2025-04-12 15:21:58,502 - DEBUG - Finished training batch
2025-04-12 15:22:10,118 - INFO - Move time: 11.6155 seconds for move e5+7
2025-04-12 15:22:10,137 - INFO - Move: e5+7 | Reward: 0.0570
2025-04-12 15:22:10,137 - DEBUG - Starting training of main network
2025-04-12 15:22:10,438 - DEBUG - Finished training batch
2025-04-12 15:22:22,805 - INFO - Move time: 12.3677 seconds for move r2+2
2025-04-12 15:22:22,821 - INFO - Move: r2+2 | Reward: 0.0570
2025-04-12 15:22:22,821 - DEBUG - Starting training of main network
2025-04-12 15:22:23,130 - DEBUG - Finished training batch
2025-04-12 15:22:36,640 - INFO - Move time: 13.5206 seconds for move k6+1
2025-04-12 15:22:36,663 - INFO - Move: k6+1 | Reward: 0.0580
2025-04-12 15:22:36,663 - DEBUG - Starting training of main network
2025-04-12 15:22:36,985 - DEBUG - Finished training batch
2025-04-12 15:22:50,924 - INFO - Move time: 13.9291 seconds for move r2.3
2025-04-12 15:22:50,942 - INFO - Move: r2.3 | Reward: 0.0780
2025-04-12 15:22:50,942 - DEBUG - Starting training of main network
2025-04-12 15:22:51,263 - DEBUG - Finished training batch
2025-04-12 15:23:05,141 - INFO - Move time: 13.8669 seconds for move p7+1
2025-04-12 15:23:05,149 - INFO - Move: p7+1 | Reward: -0.0120
2025-04-12 15:23:05,149 - DEBUG - Starting training of main network
2025-04-12 15:23:05,474 - DEBUG - Finished training batch
2025-04-12 15:23:05,489 - DEBUG - Updated target network weights
2025-04-12 15:23:18,930 - INFO - Move time: 13.4460 seconds for move p5+1
2025-04-12 15:23:18,948 - INFO - Move: p5+1 | Reward: -0.0120
2025-04-12 15:23:18,948 - DEBUG - Starting training of main network
2025-04-12 15:23:19,397 - DEBUG - Finished training batch
2025-04-12 15:23:36,546 - INFO - Move time: 17.1533 seconds for move e7+9
2025-04-12 15:23:36,558 - INFO - Move: e7+9 | Reward: -0.0410
2025-04-12 15:23:36,558 - DEBUG - Starting training of main network
2025-04-12 15:23:37,490 - DEBUG - Finished training batch
2025-04-12 15:23:52,348 - INFO - Move time: 14.8576 seconds for move p5+1
2025-04-12 15:23:52,364 - INFO - Move: p5+1 | Reward: 0.0290
2025-04-12 15:23:52,364 - DEBUG - Starting training of main network
2025-04-12 15:23:52,676 - DEBUG - Finished training batch
2025-04-12 15:24:06,291 - INFO - Move time: 13.6167 seconds for move p5+1
2025-04-12 15:24:06,320 - INFO - Move: p5+1 | Reward: -0.0510
2025-04-12 15:24:06,320 - DEBUG - Starting training of main network
2025-04-12 15:24:06,653 - DEBUG - Finished training batch
2025-04-12 15:24:20,179 - INFO - Move time: 13.5343 seconds for move r9.8
2025-04-12 15:24:20,215 - INFO - Move: r9.8 | Reward: 0.0090
2025-04-12 15:24:20,215 - DEBUG - Starting training of main network
2025-04-12 15:24:20,532 - DEBUG - Finished training batch
2025-04-12 15:24:34,411 - INFO - Move time: 13.8728 seconds for move c2+7
2025-04-12 15:24:34,445 - INFO - Move: c2+7 | Reward: -0.1640
2025-04-12 15:24:34,445 - DEBUG - Starting training of main network
2025-04-12 15:24:34,777 - DEBUG - Finished training batch
2025-04-12 15:24:50,323 - INFO - Move time: 15.5428 seconds for move r8-2
2025-04-12 15:24:50,336 - INFO - Move: r8-2 | Reward: -0.0160
2025-04-12 15:24:50,337 - DEBUG - Starting training of main network
2025-04-12 15:24:50,656 - DEBUG - Finished training batch
2025-04-12 15:25:04,162 - INFO - Move time: 13.4991 seconds for move r2+8
2025-04-12 15:25:04,162 - INFO - Move: r2+8 | Reward: -0.1060
2025-04-12 15:25:04,162 - DEBUG - Starting training of main network
2025-04-12 15:25:04,508 - DEBUG - Finished training batch
2025-04-12 15:25:17,976 - INFO - Move time: 13.4768 seconds for move k5+1
2025-04-12 15:25:17,992 - INFO - Move: k5+1 | Reward: -0.1170
2025-04-12 15:25:17,992 - DEBUG - Starting training of main network
2025-04-12 15:25:18,312 - DEBUG - Finished training batch
2025-04-12 15:25:31,961 - INFO - Move time: 13.6404 seconds for move r2.4
2025-04-12 15:25:31,961 - INFO - Move: r2.4 | Reward: -0.1270
2025-04-12 15:25:31,961 - DEBUG - Starting training of main network
2025-04-12 15:25:32,321 - DEBUG - Finished training batch
2025-04-12 15:25:32,321 - DEBUG - Updated target network weights
2025-04-12 15:25:46,394 - INFO - Move time: 14.0772 seconds for move p9+1
2025-04-12 15:25:46,417 - INFO - Move: p9+1 | Reward: -0.0970
2025-04-12 15:25:46,418 - DEBUG - Starting training of main network
2025-04-12 15:25:46,736 - DEBUG - Finished training batch
2025-04-12 15:26:00,242 - INFO - Move time: 13.4942 seconds for move p1+1
2025-04-12 15:26:00,245 - INFO - Move: p1+1 | Reward: -0.1370
2025-04-12 15:26:00,245 - DEBUG - Starting training of main network
2025-04-12 15:26:00,564 - DEBUG - Finished training batch
2025-04-12 15:26:14,028 - INFO - Move time: 13.4526 seconds for move e5+7
2025-04-12 15:26:14,042 - INFO - Move: e5+7 | Reward: -0.1190
2025-04-12 15:26:14,044 - DEBUG - Starting training of main network
2025-04-12 15:26:14,376 - DEBUG - Finished training batch
2025-04-12 15:26:27,842 - INFO - Move time: 13.4678 seconds for move r4.6
2025-04-12 15:26:27,842 - INFO - Move: r4.6 | Reward: -0.1590
2025-04-12 15:26:27,842 - DEBUG - Starting training of main network
2025-04-12 15:26:28,169 - DEBUG - Finished training batch
2025-04-12 15:26:41,849 - INFO - Move time: 13.6645 seconds for move e7-9
2025-04-12 15:26:41,849 - INFO - Move: e7-9 | Reward: -0.1700
2025-04-12 15:26:41,849 - DEBUG - Starting training of main network
2025-04-12 15:26:42,185 - DEBUG - Finished training batch
2025-04-12 15:26:56,543 - INFO - Move time: 14.3526 seconds for move p1+1
2025-04-12 15:26:56,547 - INFO - Move: p1+1 | Reward: -0.2000
2025-04-12 15:26:56,547 - DEBUG - Starting training of main network
2025-04-12 15:26:56,874 - DEBUG - Finished training batch
2025-04-12 15:27:10,500 - INFO - Move time: 13.6355 seconds for move e9-7
2025-04-12 15:27:10,516 - INFO - Move: e9-7 | Reward: -0.1790
2025-04-12 15:27:10,516 - DEBUG - Starting training of main network
2025-04-12 15:27:10,850 - DEBUG - Finished training batch
2025-04-12 15:27:24,345 - INFO - Move time: 13.5020 seconds for move r6.3
2025-04-12 15:27:24,366 - INFO - Move: r6.3 | Reward: -0.1890
2025-04-12 15:27:24,367 - DEBUG - Starting training of main network
2025-04-12 15:27:24,698 - DEBUG - Finished training batch
2025-04-12 15:27:38,805 - INFO - Move time: 14.1083 seconds for move k5+1
2025-04-12 15:27:38,805 - INFO - Move: k5+1 | Reward: -0.1690
2025-04-12 15:27:38,805 - DEBUG - Starting training of main network
2025-04-12 15:27:39,131 - DEBUG - Finished training batch
2025-04-12 15:27:53,107 - INFO - Move time: 13.9788 seconds for move r3-3
2025-04-12 15:27:53,122 - INFO - Move: r3-3 | Reward: -0.1990
2025-04-12 15:27:53,122 - DEBUG - Starting training of main network
2025-04-12 15:27:53,459 - DEBUG - Finished training batch
2025-04-12 15:27:53,459 - DEBUG - Updated target network weights
2025-04-12 15:28:07,258 - INFO - Move time: 13.8043 seconds for move k5.6
2025-04-12 15:28:07,274 - INFO - Move: k5.6 | Reward: -0.1690
2025-04-12 15:28:07,274 - DEBUG - Starting training of main network
2025-04-12 15:28:07,589 - DEBUG - Finished training batch
2025-04-12 15:28:21,102 - INFO - Move time: 13.5087 seconds for move r3.9
2025-04-12 15:28:21,102 - INFO - Move: r3.9 | Reward: -0.2090
2025-04-12 15:28:21,102 - DEBUG - Starting training of main network
2025-04-12 15:28:21,448 - DEBUG - Finished training batch
2025-04-12 15:28:34,951 - INFO - Move time: 13.4972 seconds for move k6-1
2025-04-12 15:28:34,967 - INFO - Move: k6-1 | Reward: -0.2090
2025-04-12 15:28:34,968 - DEBUG - Starting training of main network
2025-04-12 15:28:35,312 - DEBUG - Finished training batch
2025-04-12 15:28:49,014 - INFO - Move time: 13.7100 seconds for move p7+1
2025-04-12 15:28:49,032 - INFO - Move: p7+1 | Reward: -0.2490
2025-04-12 15:28:49,032 - DEBUG - Starting training of main network
2025-04-12 15:28:49,359 - DEBUG - Finished training batch
2025-04-12 15:29:03,686 - INFO - Move time: 14.3356 seconds for move k6-1
2025-04-12 15:29:03,704 - INFO - Move: k6-1 | Reward: -0.1880
2025-04-12 15:29:03,706 - DEBUG - Starting training of main network
2025-04-12 15:29:04,068 - DEBUG - Finished training batch
2025-04-12 15:29:17,565 - INFO - Move time: 13.4955 seconds for move k6+1
2025-04-12 15:29:17,565 - INFO - Move: k6+1 | Reward: -0.2480
2025-04-12 15:29:17,565 - DEBUG - Starting training of main network
2025-04-12 15:29:17,882 - DEBUG - Finished training batch
2025-04-12 15:29:31,430 - INFO - Move time: 13.5471 seconds for move k6+1
2025-04-12 15:29:31,454 - INFO - Move: k6+1 | Reward: -0.1890
2025-04-12 15:29:31,454 - DEBUG - Starting training of main network
2025-04-12 15:29:31,777 - DEBUG - Finished training batch
2025-04-12 15:29:45,340 - INFO - Move time: 13.5509 seconds for move k6-1
2025-04-12 15:29:45,340 - INFO - Move: k6-1 | Reward: -0.2490
2025-04-12 15:29:45,340 - DEBUG - Starting training of main network
2025-04-12 15:29:45,680 - DEBUG - Finished training batch
2025-04-12 15:29:59,243 - INFO - Move time: 13.5740 seconds for move k6-1
2025-04-12 15:29:59,274 - INFO - Move: k6-1 | Reward: -0.1880
2025-04-12 15:29:59,275 - DEBUG - Starting training of main network
2025-04-12 15:29:59,599 - DEBUG - Finished training batch
2025-04-12 15:30:13,837 - INFO - Move time: 14.2379 seconds for move p5+1
2025-04-12 15:30:13,837 - INFO - Move: p5+1 | Reward: -0.2580
2025-04-12 15:30:13,837 - DEBUG - Starting training of main network
2025-04-12 15:30:14,161 - DEBUG - Finished training batch
2025-04-12 15:30:14,177 - DEBUG - Updated target network weights
2025-04-12 15:30:27,588 - INFO - Move time: 13.4231 seconds for move k6+1
2025-04-12 15:30:27,603 - INFO - Move: k6+1 | Reward: -0.1990
2025-04-12 15:30:27,603 - DEBUG - Starting training of main network
2025-04-12 15:30:27,939 - DEBUG - Finished training batch
2025-04-12 15:30:41,395 - INFO - Move time: 13.4518 seconds for move r9.8
2025-04-12 15:30:41,395 - INFO - Move: r9.8 | Reward: -0.2590
2025-04-12 15:30:41,395 - DEBUG - Starting training of main network
2025-04-12 15:30:41,862 - DEBUG - Finished training batch
2025-04-12 15:30:55,209 - INFO - Move time: 13.3389 seconds for move k6-1
2025-04-12 15:30:55,228 - INFO - Move: k6-1 | Reward: -0.1980
2025-04-12 15:30:55,228 - DEBUG - Starting training of main network
2025-04-12 15:30:55,548 - DEBUG - Finished training batch
2025-04-12 15:31:09,498 - INFO - Move time: 13.9532 seconds for move e9-7
2025-04-12 15:31:09,514 - INFO - Move: e9-7 | Reward: -0.2590
2025-04-12 15:31:09,515 - DEBUG - Starting training of main network
2025-04-12 15:31:09,845 - DEBUG - Finished training batch
2025-04-12 15:31:23,488 - INFO - Move time: 13.6416 seconds for move k6+1
2025-04-12 15:31:23,504 - INFO - Move: k6+1 | Reward: -0.2000
2025-04-12 15:31:23,504 - DEBUG - Starting training of main network
2025-04-12 15:31:23,837 - DEBUG - Finished training batch
2025-04-12 15:31:37,385 - INFO - Move time: 13.5510 seconds for move e7+9
2025-04-12 15:31:37,385 - INFO - Move: e7+9 | Reward: -0.2590
2025-04-12 15:31:37,385 - DEBUG - Starting training of main network
2025-04-12 15:31:37,717 - DEBUG - Finished training batch
2025-04-12 15:31:51,852 - INFO - Move time: 14.1252 seconds for move k6-1
2025-04-12 15:31:51,862 - INFO - Move: k6-1 | Reward: -0.1980
2025-04-12 15:31:51,862 - DEBUG - Starting training of main network
2025-04-12 15:31:52,179 - DEBUG - Finished training batch
2025-04-12 15:32:05,706 - INFO - Move time: 13.5199 seconds for move k6+1
2025-04-12 15:32:05,706 - INFO - Move: k6+1 | Reward: -0.2580
2025-04-12 15:32:05,706 - DEBUG - Starting training of main network
2025-04-12 15:32:06,026 - DEBUG - Finished training batch
2025-04-12 15:32:20,053 - INFO - Move time: 14.0143 seconds for move k6+1
2025-04-12 15:32:20,053 - INFO - Move: k6+1 | Reward: -0.1990
2025-04-12 15:32:20,053 - DEBUG - Starting training of main network
2025-04-12 15:32:20,384 - DEBUG - Finished training batch
2025-04-12 15:32:33,933 - INFO - Move time: 13.5402 seconds for move a5-6
2025-04-12 15:32:33,933 - INFO - Move: a5-6 | Reward: -0.2290
2025-04-12 15:32:33,933 - DEBUG - Starting training of main network
2025-04-12 15:32:34,266 - DEBUG - Finished training batch
2025-04-12 15:32:34,266 - DEBUG - Updated target network weights
2025-04-12 15:32:47,909 - INFO - Move time: 13.6310 seconds for move k6-1
2025-04-12 15:32:47,909 - INFO - Move: k6-1 | Reward: -0.1980
2025-04-12 15:32:47,909 - DEBUG - Starting training of main network
2025-04-12 15:32:48,228 - DEBUG - Finished training batch
2025-04-12 15:33:01,720 - INFO - Move time: 13.4923 seconds for move a4+5
2025-04-12 15:33:01,736 - INFO - Move: a4+5 | Reward: -0.2280
2025-04-12 15:33:01,736 - DEBUG - Starting training of main network
2025-04-12 15:33:02,071 - DEBUG - Finished training batch
2025-04-12 15:33:16,478 - INFO - Move time: 14.4078 seconds for move k6+1
2025-04-12 15:33:16,489 - INFO - Move: k6+1 | Reward: -0.1990
2025-04-12 15:33:16,490 - DEBUG - Starting training of main network
2025-04-12 15:33:16,844 - DEBUG - Finished training batch
2025-04-12 15:33:28,919 - INFO - Move time: 12.0737 seconds for move k6-1
2025-04-12 15:33:28,919 - INFO - Move: k6-1 | Reward: -0.2590
2025-04-12 15:33:28,919 - DEBUG - Starting training of main network
2025-04-12 15:33:29,231 - DEBUG - Finished training batch
2025-04-12 15:33:41,116 - INFO - Move time: 11.8938 seconds for move k6-1
2025-04-12 15:33:41,138 - INFO - Move: k6-1 | Reward: -0.1980
2025-04-12 15:33:41,138 - DEBUG - Starting training of main network
2025-04-12 15:33:41,444 - DEBUG - Finished training batch
2025-04-12 15:33:52,910 - INFO - Move time: 11.4699 seconds for move e9-7
2025-04-12 15:33:52,910 - INFO - Move: e9-7 | Reward: -0.2590
2025-04-12 15:33:52,910 - DEBUG - Starting training of main network
2025-04-12 15:33:53,223 - DEBUG - Finished training batch
2025-04-12 15:34:05,227 - INFO - Move time: 11.9961 seconds for move k6+1
2025-04-12 15:34:05,227 - INFO - Move: k6+1 | Reward: -0.2000
2025-04-12 15:34:05,227 - DEBUG - Starting training of main network
2025-04-12 15:34:05,534 - DEBUG - Finished training batch
2025-04-12 15:34:17,003 - INFO - Move time: 11.4602 seconds for move a5-4
2025-04-12 15:34:17,003 - INFO - Move: a5-4 | Reward: -0.2300
2025-04-12 15:34:17,003 - DEBUG - Starting training of main network
2025-04-12 15:34:17,313 - DEBUG - Finished training batch
2025-04-12 15:34:29,561 - INFO - Move time: 12.2474 seconds for move k6-1
2025-04-12 15:34:29,561 - INFO - Move: k6-1 | Reward: -0.1990
2025-04-12 15:34:29,561 - DEBUG - Starting training of main network
2025-04-12 15:34:29,860 - DEBUG - Finished training batch
2025-04-12 15:34:41,481 - INFO - Move time: 11.6220 seconds for move a4+5
2025-04-12 15:34:41,496 - INFO - Move: a4+5 | Reward: -0.2590
2025-04-12 15:34:41,496 - DEBUG - Starting training of main network
2025-04-12 15:34:41,805 - DEBUG - Finished training batch
2025-04-12 15:34:41,805 - DEBUG - Updated target network weights
2025-04-12 15:34:53,969 - INFO - Move time: 12.1517 seconds for move k6+1
2025-04-12 15:34:53,969 - INFO - Move: k6+1 | Reward: -0.2000
2025-04-12 15:34:53,969 - DEBUG - Starting training of main network
2025-04-12 15:34:54,285 - DEBUG - Finished training batch
2025-04-12 15:35:05,650 - INFO - Move time: 11.3690 seconds for move e7+9
2025-04-12 15:35:05,650 - INFO - Move: e7+9 | Reward: -0.2590
2025-04-12 15:35:05,650 - DEBUG - Starting training of main network
2025-04-12 15:35:05,965 - DEBUG - Finished training batch
2025-04-12 15:35:18,017 - INFO - Move time: 12.0464 seconds for move k6-1
2025-04-12 15:35:18,034 - INFO - Move: k6-1 | Reward: -0.1980
2025-04-12 15:35:18,035 - DEBUG - Starting training of main network
2025-04-12 15:35:18,327 - DEBUG - Finished training batch
2025-04-12 15:35:29,833 - INFO - Move time: 11.4927 seconds for move k6+1
2025-04-12 15:35:29,833 - INFO - Move: k6+1 | Reward: -0.2580
2025-04-12 15:35:29,833 - DEBUG - Starting training of main network
2025-04-12 15:35:30,139 - DEBUG - Finished training batch
2025-04-12 15:35:42,228 - INFO - Move time: 12.0919 seconds for move k6+1
2025-04-12 15:35:42,242 - INFO - Move: k6+1 | Reward: -0.1990
2025-04-12 15:35:42,242 - DEBUG - Starting training of main network
2025-04-12 15:35:42,553 - DEBUG - Finished training batch
2025-04-12 15:35:54,189 - INFO - Move time: 11.6378 seconds for move k6-1
2025-04-12 15:35:54,189 - INFO - Move: k6-1 | Reward: -0.2590
2025-04-12 15:35:54,189 - INFO - Episode 32 ended with winner: Draw, Total reward: -9.3840
2025-04-12 15:35:54,189 - DEBUG - Updated epsilon: 0.8518
2025-04-12 15:35:54,208 - INFO - 
=== Starting Episode 33 ===
2025-04-12 15:36:07,261 - INFO - Move time: 13.0650 seconds for move c8+7
2025-04-12 15:36:07,290 - INFO - Move: c8+7 | Reward: 0.0430
2025-04-12 15:36:07,290 - DEBUG - Starting training of main network
2025-04-12 15:36:07,611 - DEBUG - Finished training batch
2025-04-12 15:36:19,465 - INFO - Move time: 11.8607 seconds for move r1.2
2025-04-12 15:36:19,493 - INFO - Move: r1.2 | Reward: -0.0060
2025-04-12 15:36:19,494 - DEBUG - Starting training of main network
2025-04-12 15:36:19,790 - DEBUG - Finished training batch
2025-04-12 15:36:32,113 - INFO - Move time: 12.3149 seconds for move c2+7
2025-04-12 15:36:32,134 - INFO - Move: c2+7 | Reward: 0.0370
2025-04-12 15:36:32,134 - DEBUG - Starting training of main network
2025-04-12 15:36:32,436 - DEBUG - Finished training batch
2025-04-12 15:36:45,926 - INFO - Move time: 13.5005 seconds for move r9.8
2025-04-12 15:36:45,953 - INFO - Move: r9.8 | Reward: -0.0120
2025-04-12 15:36:45,953 - DEBUG - Starting training of main network
2025-04-12 15:36:46,259 - DEBUG - Finished training batch
2025-04-12 15:36:46,276 - DEBUG - Updated target network weights
2025-04-12 16:32:01,055 - WARNING - Failed to load model: [Errno 2] Unable to synchronously open file (unable to open file: name = 'trained_models/chinese_chess_dqn_30_main.weights.h5', errno = 2, error message = 'No such file or directory', flags = 0, o_flags = 0). Using untrained model.
2025-04-12 16:32:01,055 - INFO - 
=== Starting Episode 31 ===
2025-04-12 16:32:12,951 - INFO - Move time: 11.8835 seconds for move c8+7
2025-04-12 16:32:12,979 - INFO - Move: c8+7 | Reward: 0.0430
2025-04-12 16:32:24,203 - INFO - Move time: 11.2382 seconds for move r1.2
2025-04-12 16:32:24,236 - INFO - Move: r1.2 | Reward: -0.0060
2025-04-12 16:32:36,376 - INFO - Move time: 12.1411 seconds for move c2+7
2025-04-12 16:32:36,400 - INFO - Move: c2+7 | Reward: 0.0370
2025-04-12 16:32:49,966 - INFO - Move time: 13.5655 seconds for move r9.8
2025-04-12 16:32:49,972 - INFO - Move: r9.8 | Reward: -0.0120
2025-04-12 16:33:01,871 - INFO - Move time: 11.8881 seconds for move e7+9
2025-04-12 16:33:01,890 - INFO - Move: e7+9 | Reward: -0.0130
2025-04-12 16:33:13,228 - INFO - Move time: 11.3442 seconds for move a4+5
2025-04-12 16:33:13,250 - INFO - Move: a4+5 | Reward: -0.0130
2025-04-12 16:33:25,776 - INFO - Move time: 12.5351 seconds for move p9+1
2025-04-12 16:33:25,805 - INFO - Move: p9+1 | Reward: -0.0130
2025-04-12 16:33:36,862 - INFO - Move time: 11.0566 seconds for move p7+1
2025-04-12 16:33:36,879 - INFO - Move: p7+1 | Reward: -0.0130
2025-04-12 16:33:48,629 - INFO - Move time: 11.7608 seconds for move p9+1
2025-04-12 16:33:48,656 - INFO - Move: p9+1 | Reward: 0.0270
2025-04-12 16:33:48,656 - DEBUG - Updated target network weights
2025-04-12 16:34:00,624 - INFO - Move time: 11.9582 seconds for move p1+1
2025-04-12 16:34:00,624 - INFO - Move: p1+1 | Reward: -0.0230
2025-04-12 16:34:12,678 - INFO - Move time: 12.0394 seconds for move k5+1
2025-04-12 16:34:12,698 - INFO - Move: k5+1 | Reward: -0.0240
2025-04-12 16:34:24,811 - INFO - Move time: 12.1125 seconds for move c8+2
2025-04-12 16:34:24,825 - INFO - Move: c8+2 | Reward: -0.0240
2025-04-12 16:34:37,506 - INFO - Move time: 12.6885 seconds for move e9-7
2025-04-12 16:34:37,538 - INFO - Move: e9-7 | Reward: -0.0230
2025-04-12 16:34:50,595 - INFO - Move time: 13.0580 seconds for move c8.9
2025-04-12 16:34:50,619 - INFO - Move: c8.9 | Reward: -0.0230
2025-04-12 16:35:03,608 - INFO - Move time: 12.9925 seconds for move r9+5
2025-04-12 16:35:03,635 - INFO - Move: r9+5 | Reward: -0.0120
2025-04-12 16:35:16,257 - INFO - Move time: 12.6242 seconds for move r8+9
2025-04-12 16:35:16,280 - INFO - Move: r8+9 | Reward: -0.0520
2025-04-12 16:35:28,360 - INFO - Move time: 12.0857 seconds for move r1.2
2025-04-12 16:35:28,379 - INFO - Move: r1.2 | Reward: 0.0690
2025-04-12 16:35:40,364 - INFO - Move time: 11.9872 seconds for move c9.1
2025-04-12 16:35:40,387 - INFO - Move: c9.1 | Reward: -0.0510
2025-04-12 16:35:52,492 - INFO - Move time: 12.1084 seconds for move p1+1
2025-04-12 16:35:52,514 - INFO - Move: p1+1 | Reward: -0.0210
2025-04-12 16:35:52,516 - DEBUG - Updated target network weights
2025-04-12 16:36:04,253 - INFO - Move time: 11.7493 seconds for move e7+9
2025-04-12 16:36:04,280 - INFO - Move: e7+9 | Reward: -0.0800
2025-04-12 16:36:16,328 - INFO - Move time: 12.0496 seconds for move p3+1
2025-04-12 16:36:16,347 - INFO - Move: p3+1 | Reward: -0.0500
2025-04-12 16:40:31,633 - DEBUG - Importing BlpImagePlugin
2025-04-12 16:40:31,633 - DEBUG - Importing BmpImagePlugin
2025-04-12 16:40:31,633 - DEBUG - Importing BufrStubImagePlugin
2025-04-12 16:40:31,633 - DEBUG - Importing CurImagePlugin
2025-04-12 16:40:31,633 - DEBUG - Importing DcxImagePlugin
2025-04-12 16:40:31,633 - DEBUG - Importing DdsImagePlugin
2025-04-12 16:40:31,647 - DEBUG - Importing EpsImagePlugin
2025-04-12 16:40:31,649 - DEBUG - Importing FitsImagePlugin
2025-04-12 16:40:31,651 - DEBUG - Importing FliImagePlugin
2025-04-12 16:40:31,653 - DEBUG - Importing FpxImagePlugin
2025-04-12 16:40:31,653 - DEBUG - Image: failed to import FpxImagePlugin: No module named 'olefile'
2025-04-12 16:40:31,653 - DEBUG - Importing FtexImagePlugin
2025-04-12 16:40:31,653 - DEBUG - Importing GbrImagePlugin
2025-04-12 16:40:31,653 - DEBUG - Importing GifImagePlugin
2025-04-12 16:40:31,653 - DEBUG - Importing GribStubImagePlugin
2025-04-12 16:40:31,653 - DEBUG - Importing Hdf5StubImagePlugin
2025-04-12 16:40:31,663 - DEBUG - Importing IcnsImagePlugin
2025-04-12 16:40:31,665 - DEBUG - Importing IcoImagePlugin
2025-04-12 16:40:31,666 - DEBUG - Importing ImImagePlugin
2025-04-12 16:40:31,666 - DEBUG - Importing ImtImagePlugin
2025-04-12 16:40:31,666 - DEBUG - Importing IptcImagePlugin
2025-04-12 16:40:31,673 - DEBUG - Importing JpegImagePlugin
2025-04-12 16:40:31,673 - DEBUG - Importing Jpeg2KImagePlugin
2025-04-12 16:40:31,673 - DEBUG - Importing McIdasImagePlugin
2025-04-12 16:40:31,674 - DEBUG - Importing MicImagePlugin
2025-04-12 16:40:31,675 - DEBUG - Image: failed to import MicImagePlugin: No module named 'olefile'
2025-04-12 16:40:31,675 - DEBUG - Importing MpegImagePlugin
2025-04-12 16:40:31,676 - DEBUG - Importing MpoImagePlugin
2025-04-12 16:40:31,677 - DEBUG - Importing MspImagePlugin
2025-04-12 16:40:31,677 - DEBUG - Importing PalmImagePlugin
2025-04-12 16:40:31,677 - DEBUG - Importing PcdImagePlugin
2025-04-12 16:40:31,682 - DEBUG - Importing PcxImagePlugin
2025-04-12 16:40:31,682 - DEBUG - Importing PdfImagePlugin
2025-04-12 16:40:31,682 - DEBUG - Importing PixarImagePlugin
2025-04-12 16:40:31,691 - DEBUG - Importing PngImagePlugin
2025-04-12 16:40:31,691 - DEBUG - Importing PpmImagePlugin
2025-04-12 16:40:31,691 - DEBUG - Importing PsdImagePlugin
2025-04-12 16:40:31,692 - DEBUG - Importing QoiImagePlugin
2025-04-12 16:40:31,693 - DEBUG - Importing SgiImagePlugin
2025-04-12 16:40:31,694 - DEBUG - Importing SpiderImagePlugin
2025-04-12 16:40:31,694 - DEBUG - Importing SunImagePlugin
2025-04-12 16:40:31,695 - DEBUG - Importing TgaImagePlugin
2025-04-12 16:40:31,695 - DEBUG - Importing TiffImagePlugin
2025-04-12 16:40:31,695 - DEBUG - Importing WebPImagePlugin
2025-04-12 16:40:31,716 - DEBUG - Importing WmfImagePlugin
2025-04-12 16:40:31,727 - DEBUG - Importing XbmImagePlugin
2025-04-12 16:40:31,729 - DEBUG - Importing XpmImagePlugin
2025-04-12 16:40:31,729 - DEBUG - Importing XVThumbImagePlugin
2025-04-12 16:40:31,766 - DEBUG - STREAM b'IHDR' 16 13
2025-04-12 16:40:31,766 - DEBUG - STREAM b'sBIT' 41 3
2025-04-12 16:40:31,766 - DEBUG - b'sBIT' 41 3 (unknown)
2025-04-12 16:40:31,766 - DEBUG - STREAM b'pHYs' 56 9
2025-04-12 16:40:31,766 - DEBUG - STREAM b'tEXt' 77 25
2025-04-12 16:40:31,766 - DEBUG - STREAM b'PLTE' 114 486
2025-04-12 16:40:31,766 - DEBUG - STREAM b'tRNS' 612 161
2025-04-12 16:40:31,766 - DEBUG - STREAM b'IDAT' 785 3532
2025-04-12 16:40:31,781 - DEBUG - STREAM b'IHDR' 16 13
2025-04-12 16:40:31,782 - DEBUG - STREAM b'sBIT' 41 3
2025-04-12 16:40:31,782 - DEBUG - b'sBIT' 41 3 (unknown)
2025-04-12 16:40:31,782 - DEBUG - STREAM b'pHYs' 56 9
2025-04-12 16:40:31,782 - DEBUG - STREAM b'tEXt' 77 25
2025-04-12 16:40:31,783 - DEBUG - STREAM b'PLTE' 114 486
2025-04-12 16:40:31,783 - DEBUG - STREAM b'tRNS' 612 161
2025-04-12 16:40:31,783 - DEBUG - STREAM b'IDAT' 785 3532
2025-04-12 16:40:42,373 - WARNING - 5 out of the last 6 calls to <function TensorFlowTrainer.make_predict_function.<locals>.one_step_on_data_distributed at 0x000002DA882C5F80> triggered tf.function retracing. Tracing is expensive and the excessive number of tracings could be due to (1) creating @tf.function repeatedly in a loop, (2) passing tensors with different shapes, (3) passing Python objects instead of tensors. For (1), please define your @tf.function outside of the loop. For (2), @tf.function has reduce_retracing=True option that can avoid unnecessary retracing. For (3), please refer to https://www.tensorflow.org/guide/function#controlling_retracing and https://www.tensorflow.org/api_docs/python/tf/function for  more details.
2025-04-12 16:40:42,376 - WARNING - 6 out of the last 7 calls to <function TensorFlowTrainer.make_predict_function.<locals>.one_step_on_data_distributed at 0x000002DA882C5F80> triggered tf.function retracing. Tracing is expensive and the excessive number of tracings could be due to (1) creating @tf.function repeatedly in a loop, (2) passing tensors with different shapes, (3) passing Python objects instead of tensors. For (1), please define your @tf.function outside of the loop. For (2), @tf.function has reduce_retracing=True option that can avoid unnecessary retracing. For (3), please refer to https://www.tensorflow.org/guide/function#controlling_retracing and https://www.tensorflow.org/api_docs/python/tf/function for  more details.
2025-04-12 16:40:45,481 - INFO - Move time: 3.8385 seconds for move c2+7
2025-04-12 16:40:52,072 - INFO - Move time: 3.3534 seconds for move r1+1
2025-04-12 16:40:58,456 - INFO - Move time: 2.4675 seconds for move h2+1
2025-04-12 16:41:05,768 - INFO - Move time: 2.5112 seconds for move e3+5
2025-04-12 16:41:14,158 - INFO - Move time: 2.3403 seconds for move a4+5
2025-04-12 16:41:20,377 - INFO - Move time: 2.6085 seconds for move k5.4
2025-04-12 16:41:25,626 - INFO - Move time: 2.6891 seconds for move k4+1
2025-04-12 16:41:29,612 - INFO - Move time: 2.6393 seconds for move e7+9
2025-04-12 16:41:36,889 - INFO - Move time: 3.1648 seconds for move a5+4
2025-04-12 16:41:42,297 - INFO - Move time: 3.2837 seconds for move k4.5
2025-04-12 16:41:47,688 - INFO - Move time: 3.2291 seconds for move k5.6
2025-04-12 16:41:53,070 - INFO - Move time: 3.3131 seconds for move k6+1
2025-04-12 16:42:07,503 - INFO - Move time: 3.1296 seconds for move h8+7
2025-04-12 16:42:12,558 - INFO - Move time: 3.1369 seconds for move k6-1
2025-04-12 16:42:16,245 - INFO - Move time: 2.3113 seconds for move a6+5
2025-04-12 16:42:33,815 - INFO - Move time: 3.2401 seconds for move r9+1
2025-04-12 16:42:39,246 - INFO - Move time: 2.6234 seconds for move h1+3
2025-04-12 16:42:45,986 - INFO - Move time: 2.6286 seconds for move h3-5
2025-04-12 16:42:53,007 - INFO - Move time: 3.2482 seconds for move r1+1
2025-04-12 16:42:57,715 - INFO - Move time: 3.3392 seconds for move a5-6
2025-04-12 16:43:02,937 - INFO - Move time: 3.2125 seconds for move a6+5
2025-04-12 16:43:08,824 - INFO - Move time: 3.4453 seconds for move a5-4
2025-04-12 16:43:19,708 - INFO - Move time: 3.2698 seconds for move a-+5
2025-04-12 16:43:25,525 - INFO - Move time: 4.0476 seconds for move a5-4
2025-04-12 16:43:29,811 - INFO - Move time: 3.1319 seconds for move k6+1
2025-04-12 16:43:39,305 - INFO - Move time: 3.3892 seconds for move r9.2
2025-04-12 16:46:05,219 - INFO - Loaded pre-trained model successfully
2025-04-12 16:46:05,221 - INFO - 
=== Starting Episode 31 ===
2025-04-12 16:46:16,480 - INFO - Move time: 11.2525 seconds for move c8+7
2025-04-12 16:46:16,504 - INFO - Move: c8+7 | Reward: 0.0430
2025-04-12 16:46:16,504 - DEBUG - Starting training of main network
2025-04-12 16:46:16,664 - WARNING - 5 out of the last 501 calls to <function TensorFlowTrainer.make_predict_function.<locals>.one_step_on_data_distributed at 0x000001A22DA053A0> triggered tf.function retracing. Tracing is expensive and the excessive number of tracings could be due to (1) creating @tf.function repeatedly in a loop, (2) passing tensors with different shapes, (3) passing Python objects instead of tensors. For (1), please define your @tf.function outside of the loop. For (2), @tf.function has reduce_retracing=True option that can avoid unnecessary retracing. For (3), please refer to https://www.tensorflow.org/guide/function#controlling_retracing and https://www.tensorflow.org/api_docs/python/tf/function for  more details.
2025-04-12 16:46:17,531 - DEBUG - Finished training batch
2025-04-12 16:46:17,531 - DEBUG - Updated target network weights
2025-04-12 16:46:28,159 - INFO - Move time: 10.6222 seconds for move r1.2
2025-04-12 16:46:28,179 - INFO - Move: r1.2 | Reward: -0.0060
2025-04-12 16:46:28,179 - DEBUG - Starting training of main network
2025-04-12 16:46:28,486 - DEBUG - Finished training batch
2025-04-12 16:46:39,790 - INFO - Move time: 11.3082 seconds for move c2+7
2025-04-12 16:46:39,811 - INFO - Move: c2+7 | Reward: 0.0370
2025-04-12 16:46:39,811 - DEBUG - Starting training of main network
2025-04-12 16:46:40,117 - DEBUG - Finished training batch
